# JRE version: OpenJDK Runtime Environment (8.0_152-b02) (build 1.8.0_152-release-1024-b02)
# Java VM: OpenJDK 64-Bit Server VM (25.152-b02 mixed mode windows-amd64 compressed oops)
Heap:
 PSYoungGen      total 127488K, used 43922K [0x00000000e0000000, 0x00000000e8b80000, 0x0000000100000000)
  eden space 117248K, 29% used [0x00000000e0000000,0x00000000e2148440,0x00000000e7280000)
  from space 10240K, 96% used [0x00000000e8180000,0x00000000e8b1c4b0,0x00000000e8b80000)
  to   space 11264K, 0% used [0x00000000e7580000,0x00000000e7580000,0x00000000e8080000)
 ParOldGen       total 33280K, used 17683K [0x00000000a0000000, 0x00000000a2080000, 0x00000000e0000000)
  object space 33280K, 53% used [0x00000000a0000000,0x00000000a1144f70,0x00000000a2080000)
 Metaspace       used 44504K, capacity 45628K, committed 45824K, reserved 1089536K
  class space    used 5988K, capacity 6328K, committed 6400K, reserved 1048576K
GC Heap History (10 events):
Event: 8.413 GC heap before
{Heap before GC invocations=10 (full 1):
 PSYoungGen      total 72192K, used 65024K [0x00000000e0000000, 0x00000000e4f00000, 0x0000000100000000)
  eden space 65024K, 100% used [0x00000000e0000000,0x00000000e3f80000,0x00000000e3f80000)
  from space 7168K, 0% used [0x00000000e4700000,0x00000000e4700000,0x00000000e4e00000)
  to   space 7680K, 0% used [0x00000000e3f80000,0x00000000e3f80000,0x00000000e4700000)
 ParOldGen       total 33280K, used 8644K [0x00000000a0000000, 0x00000000a2080000, 0x00000000e0000000)
  object space 33280K, 25% used [0x00000000a0000000,0x00000000a0871358,0x00000000a2080000)
 Metaspace       used 27880K, capacity 28360K, committed 28544K, reserved 1073152K
  class space    used 3793K, capacity 3955K, committed 3968K, reserved 1048576K
Event: 8.431 GC heap after
Heap after GC invocations=10 (full 1):
 PSYoungGen      total 72704K, used 7671K [0x00000000e0000000, 0x00000000e6980000, 0x0000000100000000)
  eden space 65024K, 0% used [0x00000000e0000000,0x00000000e0000000,0x00000000e3f80000)
  from space 7680K, 99% used [0x00000000e3f80000,0x00000000e46fdc08,0x00000000e4700000)
  to   space 8704K, 0% used [0x00000000e6100000,0x00000000e6100000,0x00000000e6980000)
 ParOldGen       total 33280K, used 8703K [0x00000000a0000000, 0x00000000a2080000, 0x00000000e0000000)
  object space 33280K, 26% used [0x00000000a0000000,0x00000000a087fdd0,0x00000000a2080000)
 Metaspace       used 27880K, capacity 28360K, committed 28544K, reserved 1073152K
  class space    used 3793K, capacity 3955K, committed 3968K, reserved 1048576K
}
Event: 10.275 GC heap before
{Heap before GC invocations=11 (full 1):
 PSYoungGen      total 72704K, used 72695K [0x00000000e0000000, 0x00000000e6980000, 0x0000000100000000)
  eden space 65024K, 100% used [0x00000000e0000000,0x00000000e3f80000,0x00000000e3f80000)
  from space 7680K, 99% used [0x00000000e3f80000,0x00000000e46fdc08,0x00000000e4700000)
  to   space 8704K, 0% used [0x00000000e6100000,0x00000000e6100000,0x00000000e6980000)
 ParOldGen       total 33280K, used 8703K [0x00000000a0000000, 0x00000000a2080000, 0x00000000e0000000)
  object space 33280K, 26% used [0x00000000a0000000,0x00000000a087fdd0,0x00000000a2080000)
 Metaspace       used 32459K, capacity 33270K, committed 33408K, reserved 1077248K
  class space    used 4441K, capacity 4689K, committed 4736K, reserved 1048576K
Event: 10.301 GC heap after
Heap after GC invocations=11 (full 1):
 PSYoungGen      total 97280K, used 8690K [0x00000000e0000000, 0x00000000e6d00000, 0x0000000100000000)
  eden space 88576K, 0% used [0x00000000e0000000,0x00000000e0000000,0x00000000e5680000)
  from space 8704K, 99% used [0x00000000e6100000,0x00000000e697cb38,0x00000000e6980000)
  to   space 10752K, 0% used [0x00000000e5680000,0x00000000e5680000,0x00000000e6100000)
 ParOldGen       total 33280K, used 11049K [0x00000000a0000000, 0x00000000a2080000, 0x00000000e0000000)
  object space 33280K, 33% used [0x00000000a0000000,0x00000000a0aca720,0x00000000a2080000)
 Metaspace       used 32459K, capacity 33270K, committed 33408K, reserved 1077248K
  class space    used 4441K, capacity 4689K, committed 4736K, reserved 1048576K
}
Event: 11.799 GC heap before
{Heap before GC invocations=12 (full 1):
 PSYoungGen      total 97280K, used 48891K [0x00000000e0000000, 0x00000000e6d00000, 0x0000000100000000)
  eden space 88576K, 45% used [0x00000000e0000000,0x00000000e2742458,0x00000000e5680000)
  from space 8704K, 99% used [0x00000000e6100000,0x00000000e697cb38,0x00000000e6980000)
  to   space 10752K, 0% used [0x00000000e5680000,0x00000000e5680000,0x00000000e6100000)
 ParOldGen       total 33280K, used 11049K [0x00000000a0000000, 0x00000000a2080000, 0x00000000e0000000)
  object space 33280K, 33% used [0x00000000a0000000,0x00000000a0aca720,0x00000000a2080000)
 Metaspace       used 34468K, capacity 35312K, committed 35416K, reserved 1079296K
  class space    used 4724K, capacity 5030K, committed 5120K, reserved 1048576K
Event: 11.825 GC heap after
Heap after GC invocations=12 (full 1):
 PSYoungGen      total 99328K, used 3938K [0x00000000e0000000, 0x00000000e8b80000, 0x0000000100000000)
  eden space 88576K, 0% used [0x00000000e0000000,0x00000000e0000000,0x00000000e5680000)
  from space 10752K, 36% used [0x00000000e5680000,0x00000000e5a58810,0x00000000e6100000)
  to   space 10240K, 0% used [0x00000000e8180000,0x00000000e8180000,0x00000000e8b80000)
 ParOldGen       total 33280K, used 18627K [0x00000000a0000000, 0x00000000a2080000, 0x00000000e0000000)
  object space 33280K, 55% used [0x00000000a0000000,0x00000000a1230dc0,0x00000000a2080000)
 Metaspace       used 34468K, capacity 35312K, committed 35416K, reserved 1079296K
  class space    used 4724K, capacity 5030K, committed 5120K, reserved 1048576K
}
Event: 11.826 GC heap before
{Heap before GC invocations=13 (full 2):
 PSYoungGen      total 99328K, used 3938K [0x00000000e0000000, 0x00000000e8b80000, 0x0000000100000000)
  eden space 88576K, 0% used [0x00000000e0000000,0x00000000e0000000,0x00000000e5680000)
  from space 10752K, 36% used [0x00000000e5680000,0x00000000e5a58810,0x00000000e6100000)
  to   space 10240K, 0% used [0x00000000e8180000,0x00000000e8180000,0x00000000e8b80000)
 ParOldGen       total 33280K, used 18627K [0x00000000a0000000, 0x00000000a2080000, 0x00000000e0000000)
  object space 33280K, 55% used [0x00000000a0000000,0x00000000a1230dc0,0x00000000a2080000)
 Metaspace       used 34468K, capacity 35312K, committed 35416K, reserved 1079296K
  class space    used 4724K, capacity 5030K, committed 5120K, reserved 1048576K
Event: 11.918 GC heap after
Heap after GC invocations=13 (full 2):
 PSYoungGen      total 99328K, used 0K [0x00000000e0000000, 0x00000000e8b80000, 0x0000000100000000)
  eden space 88576K, 0% used [0x00000000e0000000,0x00000000e0000000,0x00000000e5680000)
  from space 10752K, 0% used [0x00000000e5680000,0x00000000e5680000,0x00000000e6100000)
  to   space 10240K, 0% used [0x00000000e8180000,0x00000000e8180000,0x00000000e8b80000)
 ParOldGen       total 33280K, used 17675K [0x00000000a0000000, 0x00000000a2080000, 0x00000000e0000000)
  object space 33280K, 53% used [0x00000000a0000000,0x00000000a1142f70,0x00000000a2080000)
 Metaspace       used 34417K, capacity 35180K, committed 35416K, reserved 1079296K
  class space    used 4711K, capacity 4986K, committed 5120K, reserved 1048576K
}
Event: 13.799 GC heap before
{Heap before GC invocations=14 (full 2):
 PSYoungGen      total 99328K, used 88576K [0x00000000e0000000, 0x00000000e8b80000, 0x0000000100000000)
  eden space 88576K, 100% used [0x00000000e0000000,0x00000000e5680000,0x00000000e5680000)
  from space 10752K, 0% used [0x00000000e5680000,0x00000000e5680000,0x00000000e6100000)
  to   space 10240K, 0% used [0x00000000e8180000,0x00000000e8180000,0x00000000e8b80000)
 ParOldGen       total 33280K, used 17675K [0x00000000a0000000, 0x00000000a2080000, 0x00000000e0000000)
  object space 33280K, 53% used [0x00000000a0000000,0x00000000a1142f70,0x00000000a2080000)
 Metaspace       used 42224K, capacity 43110K, committed 43392K, reserved 1087488K
  class space    used 5664K, capacity 5926K, committed 6016K, reserved 1048576K
Event: 13.823 GC heap after
Heap after GC invocations=14 (full 2):
 PSYoungGen      total 127488K, used 9841K [0x00000000e0000000, 0x00000000e8b80000, 0x0000000100000000)
  eden space 117248K, 0% used [0x00000000e0000000,0x00000000e0000000,0x00000000e7280000)
  from space 10240K, 96% used [0x00000000e8180000,0x00000000e8b1c4b0,0x00000000e8b80000)
  to   space 11264K, 0% used [0x00000000e7580000,0x00000000e7580000,0x00000000e8080000)
 ParOldGen       total 33280K, used 17683K [0x00000000a0000000, 0x00000000a2080000, 0x00000000e0000000)
  object space 33280K, 53% used [0x00000000a0000000,0x00000000a1144f70,0x00000000a2080000)
 Metaspace       used 42224K, capacity 43110K, committed 43392K, reserved 1087488K
  class space    used 5664K, capacity 5926K, committed 6016K, reserved 1048576K
}

