# JRE version: OpenJDK Runtime Environment (8.0_152-b02) (build 1.8.0_152-release-1024-b02)
# Java VM: OpenJDK 64-Bit Server VM (25.152-b02 mixed mode windows-amd64 compressed oops)
Heap:
 PSYoungGen      total 86016K, used 20919K [0x00000000e0000000, 0x00000000e6100000, 0x0000000100000000)
  eden space 79872K, 18% used [0x00000000e0000000,0x00000000e0ebd978,0x00000000e4e00000)
  from space 6144K, 94% used [0x00000000e5b00000,0x00000000e60b02a8,0x00000000e6100000)
  to   space 7168K, 0% used [0x00000000e5300000,0x00000000e5300000,0x00000000e5a00000)
 ParOldGen       total 32768K, used 16510K [0x00000000a0000000, 0x00000000a2000000, 0x00000000e0000000)
  object space 32768K, 50% used [0x00000000a0000000,0x00000000a101faf8,0x00000000a2000000)
 Metaspace       used 39128K, capacity 39994K, committed 40320K, reserved 1083392K
  class space    used 5356K, capacity 5636K, committed 5760K, reserved 1048576K
GC Heap History (10 events):
Event: 8.371 GC heap before
{Heap before GC invocations=12 (full 1):
 PSYoungGen      total 51200K, used 48862K [0x00000000e0000000, 0x00000000e3900000, 0x0000000100000000)
  eden space 44032K, 100% used [0x00000000e0000000,0x00000000e2b00000,0x00000000e2b00000)
  from space 7168K, 67% used [0x00000000e3200000,0x00000000e36b78b0,0x00000000e3900000)
  to   space 7168K, 0% used [0x00000000e2b00000,0x00000000e2b00000,0x00000000e3200000)
 ParOldGen       total 32768K, used 7909K [0x00000000a0000000, 0x00000000a2000000, 0x00000000e0000000)
  object space 32768K, 24% used [0x00000000a0000000,0x00000000a07b94e0,0x00000000a2000000)
 Metaspace       used 29124K, capacity 29836K, committed 29952K, reserved 1075200K
  class space    used 4082K, capacity 4314K, committed 4352K, reserved 1048576K
Event: 8.391 GC heap after
Heap after GC invocations=12 (full 1):
 PSYoungGen      total 51200K, used 5167K [0x00000000e0000000, 0x00000000e4a00000, 0x0000000100000000)
  eden space 44032K, 0% used [0x00000000e0000000,0x00000000e0000000,0x00000000e2b00000)
  from space 7168K, 72% used [0x00000000e2b00000,0x00000000e300bcc0,0x00000000e3200000)
  to   space 7168K, 0% used [0x00000000e4300000,0x00000000e4300000,0x00000000e4a00000)
 ParOldGen       total 32768K, used 10582K [0x00000000a0000000, 0x00000000a2000000, 0x00000000e0000000)
  object space 32768K, 32% used [0x00000000a0000000,0x00000000a0a55860,0x00000000a2000000)
 Metaspace       used 29124K, capacity 29836K, committed 29952K, reserved 1075200K
  class space    used 4082K, capacity 4314K, committed 4352K, reserved 1048576K
}
Event: 10.370 GC heap before
{Heap before GC invocations=13 (full 1):
 PSYoungGen      total 51200K, used 49199K [0x00000000e0000000, 0x00000000e4a00000, 0x0000000100000000)
  eden space 44032K, 100% used [0x00000000e0000000,0x00000000e2b00000,0x00000000e2b00000)
  from space 7168K, 72% used [0x00000000e2b00000,0x00000000e300bcc0,0x00000000e3200000)
  to   space 7168K, 0% used [0x00000000e4300000,0x00000000e4300000,0x00000000e4a00000)
 ParOldGen       total 32768K, used 10582K [0x00000000a0000000, 0x00000000a2000000, 0x00000000e0000000)
  object space 32768K, 32% used [0x00000000a0000000,0x00000000a0a55860,0x00000000a2000000)
 Metaspace       used 31421K, capacity 32192K, committed 32384K, reserved 1077248K
  class space    used 4417K, capacity 4632K, committed 4736K, reserved 1048576K
Event: 10.388 GC heap after
Heap after GC invocations=13 (full 1):
 PSYoungGen      total 66560K, used 4492K [0x00000000e0000000, 0x00000000e4880000, 0x0000000100000000)
  eden space 60928K, 0% used [0x00000000e0000000,0x00000000e0000000,0x00000000e3b80000)
  from space 5632K, 79% used [0x00000000e4300000,0x00000000e47633d0,0x00000000e4880000)
  to   space 6656K, 0% used [0x00000000e3b80000,0x00000000e3b80000,0x00000000e4200000)
 ParOldGen       total 32768K, used 13342K [0x00000000a0000000, 0x00000000a2000000, 0x00000000e0000000)
  object space 32768K, 40% used [0x00000000a0000000,0x00000000a0d07880,0x00000000a2000000)
 Metaspace       used 31421K, capacity 32192K, committed 32384K, reserved 1077248K
  class space    used 4417K, capacity 4632K, committed 4736K, reserved 1048576K
}
Event: 10.759 GC heap before
{Heap before GC invocations=14 (full 1):
 PSYoungGen      total 66560K, used 18251K [0x00000000e0000000, 0x00000000e4880000, 0x0000000100000000)
  eden space 60928K, 22% used [0x00000000e0000000,0x00000000e0d6fab0,0x00000000e3b80000)
  from space 5632K, 79% used [0x00000000e4300000,0x00000000e47633d0,0x00000000e4880000)
  to   space 6656K, 0% used [0x00000000e3b80000,0x00000000e3b80000,0x00000000e4200000)
 ParOldGen       total 32768K, used 13342K [0x00000000a0000000, 0x00000000a2000000, 0x00000000e0000000)
  object space 32768K, 40% used [0x00000000a0000000,0x00000000a0d07880,0x00000000a2000000)
 Metaspace       used 34482K, capacity 35278K, committed 35416K, reserved 1079296K
  class space    used 4831K, capacity 5068K, committed 5120K, reserved 1048576K
Event: 10.772 GC heap after
Heap after GC invocations=14 (full 1):
 PSYoungGen      total 67584K, used 2153K [0x00000000e0000000, 0x00000000e6200000, 0x0000000100000000)
  eden space 60928K, 0% used [0x00000000e0000000,0x00000000e0000000,0x00000000e3b80000)
  from space 6656K, 32% used [0x00000000e3b80000,0x00000000e3d9a5c0,0x00000000e4200000)
  to   space 7168K, 0% used [0x00000000e5b00000,0x00000000e5b00000,0x00000000e6200000)
 ParOldGen       total 32768K, used 15822K [0x00000000a0000000, 0x00000000a2000000, 0x00000000e0000000)
  object space 32768K, 48% used [0x00000000a0000000,0x00000000a0f73910,0x00000000a2000000)
 Metaspace       used 34482K, capacity 35278K, committed 35416K, reserved 1079296K
  class space    used 4831K, capacity 5068K, committed 5120K, reserved 1048576K
}
Event: 10.772 GC heap before
{Heap before GC invocations=15 (full 2):
 PSYoungGen      total 67584K, used 2153K [0x00000000e0000000, 0x00000000e6200000, 0x0000000100000000)
  eden space 60928K, 0% used [0x00000000e0000000,0x00000000e0000000,0x00000000e3b80000)
  from space 6656K, 32% used [0x00000000e3b80000,0x00000000e3d9a5c0,0x00000000e4200000)
  to   space 7168K, 0% used [0x00000000e5b00000,0x00000000e5b00000,0x00000000e6200000)
 ParOldGen       total 32768K, used 15822K [0x00000000a0000000, 0x00000000a2000000, 0x00000000e0000000)
  object space 32768K, 48% used [0x00000000a0000000,0x00000000a0f73910,0x00000000a2000000)
 Metaspace       used 34482K, capacity 35278K, committed 35416K, reserved 1079296K
  class space    used 4831K, capacity 5068K, committed 5120K, reserved 1048576K
Event: 10.909 GC heap after
Heap after GC invocations=15 (full 2):
 PSYoungGen      total 67584K, used 0K [0x00000000e0000000, 0x00000000e6200000, 0x0000000100000000)
  eden space 60928K, 0% used [0x00000000e0000000,0x00000000e0000000,0x00000000e3b80000)
  from space 6656K, 0% used [0x00000000e3b80000,0x00000000e3b80000,0x00000000e4200000)
  to   space 7168K, 0% used [0x00000000e5b00000,0x00000000e5b00000,0x00000000e6200000)
 ParOldGen       total 32768K, used 16502K [0x00000000a0000000, 0x00000000a2000000, 0x00000000e0000000)
  object space 32768K, 50% used [0x00000000a0000000,0x00000000a101daf8,0x00000000a2000000)
 Metaspace       used 34482K, capacity 35278K, committed 35416K, reserved 1079296K
  class space    used 4831K, capacity 5068K, committed 5120K, reserved 1048576K
}
Event: 11.965 GC heap before
{Heap before GC invocations=16 (full 2):
 PSYoungGen      total 67584K, used 60928K [0x00000000e0000000, 0x00000000e6200000, 0x0000000100000000)
  eden space 60928K, 100% used [0x00000000e0000000,0x00000000e3b80000,0x00000000e3b80000)
  from space 6656K, 0% used [0x00000000e3b80000,0x00000000e3b80000,0x00000000e4200000)
  to   space 7168K, 0% used [0x00000000e5b00000,0x00000000e5b00000,0x00000000e6200000)
 ParOldGen       total 32768K, used 16502K [0x00000000a0000000, 0x00000000a2000000, 0x00000000e0000000)
  object space 32768K, 50% used [0x00000000a0000000,0x00000000a101daf8,0x00000000a2000000)
 Metaspace       used 38708K, capacity 39508K, committed 39680K, reserved 1083392K
  class space    used 5303K, capacity 5603K, committed 5632K, reserved 1048576K
Event: 11.980 GC heap after
Heap after GC invocations=16 (full 2):
 PSYoungGen      total 86016K, used 5824K [0x00000000e0000000, 0x00000000e6100000, 0x0000000100000000)
  eden space 79872K, 0% used [0x00000000e0000000,0x00000000e0000000,0x00000000e4e00000)
  from space 6144K, 94% used [0x00000000e5b00000,0x00000000e60b02a8,0x00000000e6100000)
  to   space 7168K, 0% used [0x00000000e5300000,0x00000000e5300000,0x00000000e5a00000)
 ParOldGen       total 32768K, used 16510K [0x00000000a0000000, 0x00000000a2000000, 0x00000000e0000000)
  object space 32768K, 50% used [0x00000000a0000000,0x00000000a101faf8,0x00000000a2000000)
 Metaspace       used 38708K, capacity 39508K, committed 39680K, reserved 1083392K
  class space    used 5303K, capacity 5603K, committed 5632K, reserved 1048576K
}

