# JRE version: OpenJDK Runtime Environment (8.0_152-b02) (build 1.8.0_152-release-1024-b02)
# Java VM: OpenJDK 64-Bit Server VM (25.152-b02 mixed mode windows-amd64 compressed oops)
Heap:
 PSYoungGen      total 125952K, used 6508K [0x00000000e0000000, 0x00000000e8a80000, 0x0000000100000000)
  eden space 119296K, 0% used [0x00000000e0000000,0x00000000e0000000,0x00000000e7480000)
  from space 6656K, 97% used [0x00000000e8400000,0x00000000e8a5b338,0x00000000e8a80000)
  to   space 9216K, 0% used [0x00000000e7880000,0x00000000e7880000,0x00000000e8180000)
 ParOldGen       total 32256K, used 16166K [0x00000000a0000000, 0x00000000a1f80000, 0x00000000e0000000)
  object space 32256K, 50% used [0x00000000a0000000,0x00000000a0fc9988,0x00000000a1f80000)
 Metaspace       used 38131K, capacity 38770K, committed 39000K, reserved 1087488K
  class space    used 5185K, capacity 5385K, committed 5504K, reserved 1048576K
GC Heap History (10 events):
Event: 5.397 GC heap after
Heap after GC invocations=9 (full 1):
 PSYoungGen      total 71680K, used 0K [0x00000000e0000000, 0x00000000e4d00000, 0x0000000100000000)
  eden space 64512K, 0% used [0x00000000e0000000,0x00000000e0000000,0x00000000e3f00000)
  from space 7168K, 0% used [0x00000000e4600000,0x00000000e4600000,0x00000000e4d00000)
  to   space 7168K, 0% used [0x00000000e3f00000,0x00000000e3f00000,0x00000000e4600000)
 ParOldGen       total 32256K, used 7840K [0x00000000a0000000, 0x00000000a1f80000, 0x00000000e0000000)
  object space 32256K, 24% used [0x00000000a0000000,0x00000000a07a8360,0x00000000a1f80000)
 Metaspace       used 20685K, capacity 21074K, committed 21248K, reserved 1067008K
  class space    used 2876K, capacity 2989K, committed 3072K, reserved 1048576K
}
Event: 7.345 GC heap before
{Heap before GC invocations=10 (full 1):
 PSYoungGen      total 71680K, used 64512K [0x00000000e0000000, 0x00000000e4d00000, 0x0000000100000000)
  eden space 64512K, 100% used [0x00000000e0000000,0x00000000e3f00000,0x00000000e3f00000)
  from space 7168K, 0% used [0x00000000e4600000,0x00000000e4600000,0x00000000e4d00000)
  to   space 7168K, 0% used [0x00000000e3f00000,0x00000000e3f00000,0x00000000e4600000)
 ParOldGen       total 32256K, used 7840K [0x00000000a0000000, 0x00000000a1f80000, 0x00000000e0000000)
  object space 32256K, 24% used [0x00000000a0000000,0x00000000a07a8360,0x00000000a1f80000)
 Metaspace       used 26346K, capacity 26706K, committed 27136K, reserved 1073152K
  class space    used 3623K, capacity 3748K, committed 3840K, reserved 1048576K
Event: 7.373 GC heap after
Heap after GC invocations=10 (full 1):
 PSYoungGen      total 71680K, used 6936K [0x00000000e0000000, 0x00000000e6700000, 0x0000000100000000)
  eden space 64512K, 0% used [0x00000000e0000000,0x00000000e0000000,0x00000000e3f00000)
  from space 7168K, 96% used [0x00000000e3f00000,0x00000000e45c6070,0x00000000e4600000)
  to   space 7680K, 0% used [0x00000000e5f80000,0x00000000e5f80000,0x00000000e6700000)
 ParOldGen       total 32256K, used 7848K [0x00000000a0000000, 0x00000000a1f80000, 0x00000000e0000000)
  object space 32256K, 24% used [0x00000000a0000000,0x00000000a07aa360,0x00000000a1f80000)
 Metaspace       used 26346K, capacity 26706K, committed 27136K, reserved 1073152K
  class space    used 3623K, capacity 3748K, committed 3840K, reserved 1048576K
}
Event: 9.445 GC heap before
{Heap before GC invocations=11 (full 1):
 PSYoungGen      total 71680K, used 71448K [0x00000000e0000000, 0x00000000e6700000, 0x0000000100000000)
  eden space 64512K, 100% used [0x00000000e0000000,0x00000000e3f00000,0x00000000e3f00000)
  from space 7168K, 96% used [0x00000000e3f00000,0x00000000e45c6070,0x00000000e4600000)
  to   space 7680K, 0% used [0x00000000e5f80000,0x00000000e5f80000,0x00000000e6700000)
 ParOldGen       total 32256K, used 7848K [0x00000000a0000000, 0x00000000a1f80000, 0x00000000e0000000)
  object space 32256K, 24% used [0x00000000a0000000,0x00000000a07aa360,0x00000000a1f80000)
 Metaspace       used 29851K, capacity 30312K, committed 30464K, reserved 1075200K
  class space    used 4168K, capacity 4309K, committed 4352K, reserved 1048576K
Event: 9.493 GC heap after
Heap after GC invocations=11 (full 1):
 PSYoungGen      total 96256K, used 7665K [0x00000000e0000000, 0x00000000e6a00000, 0x0000000100000000)
  eden space 88576K, 0% used [0x00000000e0000000,0x00000000e0000000,0x00000000e5680000)
  from space 7680K, 99% used [0x00000000e5f80000,0x00000000e66fc710,0x00000000e6700000)
  to   space 9216K, 0% used [0x00000000e5680000,0x00000000e5680000,0x00000000e5f80000)
 ParOldGen       total 32256K, used 9196K [0x00000000a0000000, 0x00000000a1f80000, 0x00000000e0000000)
  object space 32256K, 28% used [0x00000000a0000000,0x00000000a08fb1b8,0x00000000a1f80000)
 Metaspace       used 29851K, capacity 30312K, committed 30464K, reserved 1075200K
  class space    used 4168K, capacity 4309K, committed 4352K, reserved 1048576K
}
Event: 10.222 GC heap before
{Heap before GC invocations=12 (full 1):
 PSYoungGen      total 96256K, used 31666K [0x00000000e0000000, 0x00000000e6a00000, 0x0000000100000000)
  eden space 88576K, 27% used [0x00000000e0000000,0x00000000e17704e8,0x00000000e5680000)
  from space 7680K, 99% used [0x00000000e5f80000,0x00000000e66fc710,0x00000000e6700000)
  to   space 9216K, 0% used [0x00000000e5680000,0x00000000e5680000,0x00000000e5f80000)
 ParOldGen       total 32256K, used 9196K [0x00000000a0000000, 0x00000000a1f80000, 0x00000000e0000000)
  object space 32256K, 28% used [0x00000000a0000000,0x00000000a08fb1b8,0x00000000a1f80000)
 Metaspace       used 34739K, capacity 35294K, committed 35416K, reserved 1079296K
  class space    used 4760K, capacity 4955K, committed 4992K, reserved 1048576K
Event: 10.253 GC heap after
Heap after GC invocations=12 (full 1):
 PSYoungGen      total 97792K, used 3805K [0x00000000e0000000, 0x00000000e8d00000, 0x0000000100000000)
  eden space 88576K, 0% used [0x00000000e0000000,0x00000000e0000000,0x00000000e5680000)
  from space 9216K, 41% used [0x00000000e5680000,0x00000000e5a37760,0x00000000e5f80000)
  to   space 9216K, 0% used [0x00000000e8400000,0x00000000e8400000,0x00000000e8d00000)
 ParOldGen       total 32256K, used 14937K [0x00000000a0000000, 0x00000000a1f80000, 0x00000000e0000000)
  object space 32256K, 46% used [0x00000000a0000000,0x00000000a0e96428,0x00000000a1f80000)
 Metaspace       used 34739K, capacity 35294K, committed 35416K, reserved 1079296K
  class space    used 4760K, capacity 4955K, committed 4992K, reserved 1048576K
}
Event: 10.253 GC heap before
{Heap before GC invocations=13 (full 2):
 PSYoungGen      total 97792K, used 3805K [0x00000000e0000000, 0x00000000e8d00000, 0x0000000100000000)
  eden space 88576K, 0% used [0x00000000e0000000,0x00000000e0000000,0x00000000e5680000)
  from space 9216K, 41% used [0x00000000e5680000,0x00000000e5a37760,0x00000000e5f80000)
  to   space 9216K, 0% used [0x00000000e8400000,0x00000000e8400000,0x00000000e8d00000)
 ParOldGen       total 32256K, used 14937K [0x00000000a0000000, 0x00000000a1f80000, 0x00000000e0000000)
  object space 32256K, 46% used [0x00000000a0000000,0x00000000a0e96428,0x00000000a1f80000)
 Metaspace       used 34739K, capacity 35294K, committed 35416K, reserved 1079296K
  class space    used 4760K, capacity 4955K, committed 4992K, reserved 1048576K
Event: 10.363 GC heap after
Heap after GC invocations=13 (full 2):
 PSYoungGen      total 97792K, used 0K [0x00000000e0000000, 0x00000000e8d00000, 0x0000000100000000)
  eden space 88576K, 0% used [0x00000000e0000000,0x00000000e0000000,0x00000000e5680000)
  from space 9216K, 0% used [0x00000000e5680000,0x00000000e5680000,0x00000000e5f80000)
  to   space 9216K, 0% used [0x00000000e8400000,0x00000000e8400000,0x00000000e8d00000)
 ParOldGen       total 32256K, used 16158K [0x00000000a0000000, 0x00000000a1f80000, 0x00000000e0000000)
  object space 32256K, 50% used [0x00000000a0000000,0x00000000a0fc7988,0x00000000a1f80000)
 Metaspace       used 34739K, capacity 35294K, committed 35416K, reserved 1079296K
  class space    used 4760K, capacity 4955K, committed 4992K, reserved 1048576K
}
Event: 11.548 GC heap before
{Heap before GC invocations=14 (full 2):
 PSYoungGen      total 97792K, used 70175K [0x00000000e0000000, 0x00000000e8d00000, 0x0000000100000000)
  eden space 88576K, 79% used [0x00000000e0000000,0x00000000e4487c58,0x00000000e5680000)
  from space 9216K, 0% used [0x00000000e5680000,0x00000000e5680000,0x00000000e5f80000)
  to   space 9216K, 0% used [0x00000000e8400000,0x00000000e8400000,0x00000000e8d00000)
 ParOldGen       total 32256K, used 16158K [0x00000000a0000000, 0x00000000a1f80000, 0x00000000e0000000)
  object space 32256K, 50% used [0x00000000a0000000,0x00000000a0fc7988,0x00000000a1f80000)
 Metaspace       used 38131K, capacity 38770K, committed 39000K, reserved 1087488K
  class space    used 5185K, capacity 5385K, committed 5504K, reserved 1048576K

